#-----------------------------------------------------------
# Vivado v2024.1 (64-bit)
# SW Build 5076996 on Wed May 22 18:37:14 MDT 2024
# IP Build 5075265 on Wed May 22 21:45:21 MDT 2024
# SharedData Build 5076995 on Wed May 22 18:29:18 MDT 2024
# Start of session at: Thu Oct 24 22:49:58 2024
# Process ID: 19232
# Current directory: C:/Users/admin/Desktop/VHDL/vending_machiness2/vending_machiness2
# Command line: vivado.exe -gui_launcher_event rodinguilauncherevent18704 C:\Users\admin\Desktop\VHDL\vending_machiness2\vending_machiness2\vending_machiness2.xpr
# Log file: C:/Users/admin/Desktop/VHDL/vending_machiness2/vending_machiness2/vivado.log
# Journal file: C:/Users/admin/Desktop/VHDL/vending_machiness2/vending_machiness2\vivado.jou
# Running On        :DESKTOP-5PL43IQ
# Platform          :Windows Server 2016 or Windows 10
# Operating System  :22631
# Processor Detail  :11th Gen Intel(R) Core(TM) i5-11400H @ 2.70GHz
# CPU Frequency     :2688 MHz
# CPU Physical cores:6
# CPU Logical cores :12
# Host memory       :8358 MB
# Swap memory       :9126 MB
# Total Virtual     :17485 MB
# Available Virtual :5850 MB
#-----------------------------------------------------------
start_gui
open_project C:/Users/admin/Desktop/VHDL/vending_machiness2/vending_machiness2/vending_machiness2.xpr
WARNING: [Board 49-26] cannot add Board Part xilinx.com:ac701:part0:1.4 available at C:/Xilinx/Vivado/2024.1/data/xhub/boards/XilinxBoardStore/boards/Xilinx/ac701/1.4/board.xml as part xc7a200tfbg676-2 specified in board_part file is either invalid or not available
WARNING: [Board 49-26] cannot add Board Part xilinx.com:kc705:part0:1.6 available at C:/Xilinx/Vivado/2024.1/data/xhub/boards/XilinxBoardStore/boards/Xilinx/kc705/1.6/board.xml as part xc7k325tffg900-2 specified in board_part file is either invalid or not available
WARNING: [Board 49-26] cannot add Board Part xilinx.com:kcu105:part0:1.6 available at C:/Xilinx/Vivado/2024.1/data/xhub/boards/XilinxBoardStore/boards/Xilinx/kcu105/1.6/board.xml as part xcku040-ffva1156-2-e specified in board_part file is either invalid or not available
WARNING: [Board 49-26] cannot add Board Part xilinx.com:kcu105:part0:1.7 available at C:/Xilinx/Vivado/2024.1/data/xhub/boards/XilinxBoardStore/boards/Xilinx/kcu105/1.7/board.xml as part xcku040-ffva1156-2-e specified in board_part file is either invalid or not available
WARNING: [Board 49-26] cannot add Board Part xilinx.com:kcu116:part0:1.4 available at C:/Xilinx/Vivado/2024.1/data/xhub/boards/XilinxBoardStore/boards/Xilinx/kcu116/1.4/board.xml as part xcku5p-ffvb676-2-e specified in board_part file is either invalid or not available
WARNING: [Board 49-26] cannot add Board Part xilinx.com:kcu116:part0:1.5 available at C:/Xilinx/Vivado/2024.1/data/xhub/boards/XilinxBoardStore/boards/Xilinx/kcu116/1.5/board.xml as part xcku5p-ffvb676-2-e specified in board_part file is either invalid or not available
WARNING: [Board 49-26] cannot add Board Part xilinx.com:kcu1500:part0:1.2 available at C:/Xilinx/Vivado/2024.1/data/xhub/boards/XilinxBoardStore/boards/Xilinx/kcu1500/1.2/board.xml as part xcku115-flvb2104-2-e specified in board_part file is either invalid or not available
WARNING: [Board 49-26] cannot add Board Part xilinx.com:sp701:part0:1.0 available at C:/Xilinx/Vivado/2024.1/data/xhub/boards/XilinxBoardStore/boards/Xilinx/sp701/1.0/board.xml as part xc7s100fgga676-2 specified in board_part file is either invalid or not available
WARNING: [Board 49-26] cannot add Board Part xilinx.com:sp701:part0:1.1 available at C:/Xilinx/Vivado/2024.1/data/xhub/boards/XilinxBoardStore/boards/Xilinx/sp701/1.1/board.xml as part xc7s100fgga676-2 specified in board_part file is either invalid or not available
WARNING: [Board 49-26] cannot add Board Part xilinx.com:vc707:part0:1.4 available at C:/Xilinx/Vivado/2024.1/data/xhub/boards/XilinxBoardStore/boards/Xilinx/vc707/1.4/board.xml as part xc7vx485tffg1761-2 specified in board_part file is either invalid or not available
WARNING: [Board 49-26] cannot add Board Part xilinx.com:vc709:part0:1.8 available at C:/Xilinx/Vivado/2024.1/data/xhub/boards/XilinxBoardStore/boards/Xilinx/vc709/1.8/board.xml as part xc7vx690tffg1761-2 specified in board_part file is either invalid or not available
WARNING: [Board 49-26] cannot add Board Part xilinx.com:vck190:part0:2.2 available at C:/Xilinx/Vivado/2024.1/data/xhub/boards/XilinxBoardStore/boards/Xilinx/vck190/production/2.2/board.xml as part xcvc1902-vsva2197-2mp-e-s specified in board_part file is either invalid or not available
WARNING: [Board 49-26] cannot add Board Part xilinx.com:vck190:part0:3.0 available at C:/Xilinx/Vivado/2024.1/data/xhub/boards/XilinxBoardStore/boards/Xilinx/vck190/production/3.0/board.xml as part xcvc1902-vsva2197-2mp-e-s specified in board_part file is either invalid or not available
WARNING: [Board 49-26] cannot add Board Part xilinx.com:vck190:part0:3.1 available at C:/Xilinx/Vivado/2024.1/data/xhub/boards/XilinxBoardStore/boards/Xilinx/vck190/production/3.1/board.xml as part xcvc1902-vsva2197-2mp-e-s specified in board_part file is either invalid or not available
WARNING: [Board 49-26] cannot add Board Part xilinx.com:vck190:part0:3.2 available at C:/Xilinx/Vivado/2024.1/data/xhub/boards/XilinxBoardStore/boards/Xilinx/vck190/production/3.2/board.xml as part xcvc1902-vsva2197-2mp-e-s specified in board_part file is either invalid or not available
WARNING: [Board 49-26] cannot add Board Part xilinx.com:vck190:part0:3.3 available at C:/Xilinx/Vivado/2024.1/data/xhub/boards/XilinxBoardStore/boards/Xilinx/vck190/production/3.3/board.xml as part xcvc1902-vsva2197-2mp-e-s specified in board_part file is either invalid or not available
WARNING: [Board 49-26] cannot add Board Part xilinx.com:vck190_newl:part0:1.0 available at C:/Xilinx/Vivado/2024.1/data/xhub/boards/XilinxBoardStore/boards/Xilinx/vck190_newl/production/1.0/board.xml as part xcvc1902-vsva2197-2mp-e-s specified in board_part file is either invalid or not available
WARNING: [Board 49-26] cannot add Board Part xilinx.com:vck190_newl:part0:1.1 available at C:/Xilinx/Vivado/2024.1/data/xhub/boards/XilinxBoardStore/boards/Xilinx/vck190_newl/production/1.1/board.xml as part xcvc1902-vsva2197-2mp-e-s specified in board_part file is either invalid or not available
WARNING: [Board 49-26] cannot add Board Part xilinx.com:vck190_newl:part0:1.2 available at C:/Xilinx/Vivado/2024.1/data/xhub/boards/XilinxBoardStore/boards/Xilinx/vck190_newl/production/1.2/board.xml as part xcvc1902-vsva2197-2mp-e-s specified in board_part file is either invalid or not available
WARNING: [Board 49-26] cannot add Board Part xilinx.com:vcu108:part0:1.6 available at C:/Xilinx/Vivado/2024.1/data/xhub/boards/XilinxBoardStore/boards/Xilinx/vcu108/1.6/board.xml as part xcvu095-ffva2104-2-e specified in board_part file is either invalid or not available
WARNING: [Board 49-26] cannot add Board Part xilinx.com:vcu108:part0:1.7 available at C:/Xilinx/Vivado/2024.1/data/xhub/boards/XilinxBoardStore/boards/Xilinx/vcu108/1.7/board.xml as part xcvu095-ffva2104-2-e specified in board_part file is either invalid or not available
WARNING: [Board 49-26] cannot add Board Part xilinx.com:vcu110:part0:1.4 available at C:/Xilinx/Vivado/2024.1/data/xhub/boards/XilinxBoardStore/boards/Xilinx/vcu110/1.4/board.xml as part xcvu190-flgc2104-2-e specified in board_part file is either invalid or not available
WARNING: [Board 49-26] cannot add Board Part xilinx.com:vcu118:part0:2.0 available at C:/Xilinx/Vivado/2024.1/data/xhub/boards/XilinxBoardStore/boards/Xilinx/vcu118/2.0/board.xml as part xcvu9p-flga2104-2l-e specified in board_part file is either invalid or not available
WARNING: [Board 49-26] cannot add Board Part xilinx.com:vcu118:part0:2.3 available at C:/Xilinx/Vivado/2024.1/data/xhub/boards/XilinxBoardStore/boards/Xilinx/vcu118/2.3/board.xml as part xcvu9p-flga2104-2l-e specified in board_part file is either invalid or not available
WARNING: [Board 49-26] cannot add Board Part xilinx.com:vcu118:part0:2.4 available at C:/Xilinx/Vivado/2024.1/data/xhub/boards/XilinxBoardStore/boards/Xilinx/vcu118/2.4/board.xml as part xcvu9p-flga2104-2l-e specified in board_part file is either invalid or not available
WARNING: [Board 49-26] cannot add Board Part xilinx.com:vcu128:part0:1.0 available at C:/Xilinx/Vivado/2024.1/data/xhub/boards/XilinxBoardStore/boards/Xilinx/vcu128/production/1.0/board.xml as part xcvu37p-fsvh2892-2l-e specified in board_part file is either invalid or not available
WARNING: [Board 49-26] cannot add Board Part xilinx.com:vcu129:part0:1.0 available at C:/Xilinx/Vivado/2024.1/data/xhub/boards/XilinxBoardStore/boards/Xilinx/vcu129/production/1.0/board.xml as part xcvu29p-fsga2577-2l-e specified in board_part file is either invalid or not available
WARNING: [Board 49-26] cannot add Board Part xilinx.com:vcu1525:part0:1.3 available at C:/Xilinx/Vivado/2024.1/data/xhub/boards/XilinxBoardStore/boards/Xilinx/vcu1525/1.3/board.xml as part xcvu9p-fsgd2104-2l-e specified in board_part file is either invalid or not available
WARNING: [Board 49-26] cannot add Board Part xilinx.com:vek280:part0:1.0 available at C:/Xilinx/Vivado/2024.1/data/xhub/boards/XilinxBoardStore/boards/Xilinx/vek280/production/1.0/board.xml as part xcve2802-vsvh1760-2mp-e-s specified in board_part file is either invalid or not available
WARNING: [Board 49-26] cannot add Board Part xilinx.com:vek280:part0:1.1 available at C:/Xilinx/Vivado/2024.1/data/xhub/boards/XilinxBoardStore/boards/Xilinx/vek280/production/1.1/board.xml as part xcve2802-vsvh1760-2mp-e-s specified in board_part file is either invalid or not available
WARNING: [Board 49-26] cannot add Board Part xilinx.com:vek280:part0:1.2 available at C:/Xilinx/Vivado/2024.1/data/xhub/boards/XilinxBoardStore/boards/Xilinx/vek280/production/1.2/board.xml as part xcve2802-vsvh1760-2mp-e-s specified in board_part file is either invalid or not available
WARNING: [Board 49-26] cannot add Board Part xilinx.com:vek280_es:part0:1.0 available at C:/Xilinx/Vivado/2024.1/data/xhub/boards/XilinxBoardStore/boards/Xilinx/vek280/es/rev_a/1.0/board.xml as part xcve2802-vsvh1760-2lp-e-s-es1 specified in board_part file is either invalid or not available
WARNING: [Board 49-26] cannot add Board Part xilinx.com:vek280_es:part0:1.1 available at C:/Xilinx/Vivado/2024.1/data/xhub/boards/XilinxBoardStore/boards/Xilinx/vek280/es/rev_a/1.1/board.xml as part xcve2802-vsvh1760-2lp-e-s-es1 specified in board_part file is either invalid or not available
WARNING: [Board 49-26] cannot add Board Part xilinx.com:vek280_es_revb:part0:1.0 available at C:/Xilinx/Vivado/2024.1/data/xhub/boards/XilinxBoardStore/boards/Xilinx/vek280/es/rev_b/1.0/board.xml as part xcve2802-vsvh1760-2mp-e-s-es1 specified in board_part file is either invalid or not available
WARNING: [Board 49-26] cannot add Board Part xilinx.com:vek280_es_revb:part0:1.1 available at C:/Xilinx/Vivado/2024.1/data/xhub/boards/XilinxBoardStore/boards/Xilinx/vek280/es/rev_b/1.1/board.xml as part xcve2802-vsvh1760-2mp-e-s-es1 specified in board_part file is either invalid or not available
WARNING: [Board 49-26] cannot add Board Part xilinx.com:vermeo_t1_mpsoc:part0:1.0 available at C:/Xilinx/Vivado/2024.1/data/xhub/boards/XilinxBoardStore/boards/Xilinx/vermeo_t1_mpsoc/1.0/board.xml as part xczu19eg-ffvd1760-2l-e specified in board_part file is either invalid or not available
WARNING: [Board 49-26] cannot add Board Part xilinx.com:vermeo_t1_rfsoc:part0:1.0 available at C:/Xilinx/Vivado/2024.1/data/xhub/boards/XilinxBoardStore/boards/Xilinx/vermeo_t1_rfsoc/1.0/board.xml as part xczu21dr-ffvd1156-2l-e specified in board_part file is either invalid or not available
WARNING: [Board 49-26] cannot add Board Part xilinx.com:vhk158:part0:1.0 available at C:/Xilinx/Vivado/2024.1/data/xhub/boards/XilinxBoardStore/boards/Xilinx/vhk158/production/1.0/board.xml as part xcvh1582-vsva3697-2mp-e-s specified in board_part file is either invalid or not available
WARNING: [Board 49-26] cannot add Board Part xilinx.com:vhk158:part0:1.1 available at C:/Xilinx/Vivado/2024.1/data/xhub/boards/XilinxBoardStore/boards/Xilinx/vhk158/production/1.1/board.xml as part xcvh1582-vsva3697-2mp-e-s specified in board_part file is either invalid or not available
WARNING: [Board 49-26] cannot add Board Part xilinx.com:vhk158_es:part0:1.0 available at C:/Xilinx/Vivado/2024.1/data/xhub/boards/XilinxBoardStore/boards/Xilinx/vhk158/es/1.0/board.xml as part xcvh1582-vsva3697-2mp-e-s-es1 specified in board_part file is either invalid or not available
WARNING: [Board 49-26] cannot add Board Part xilinx.com:vhk158_es:part0:1.1 available at C:/Xilinx/Vivado/2024.1/data/xhub/boards/XilinxBoardStore/boards/Xilinx/vhk158/es/1.1/board.xml as part xcvh1582-vsva3697-2mp-e-s-es1 specified in board_part file is either invalid or not available
WARNING: [Board 49-26] cannot add Board Part xilinx.com:vmk180:part0:2.2 available at C:/Xilinx/Vivado/2024.1/data/xhub/boards/XilinxBoardStore/boards/Xilinx/vmk180/production/2.2/board.xml as part xcvm1802-vsva2197-2mp-e-s specified in board_part file is either invalid or not available
WARNING: [Board 49-26] cannot add Board Part xilinx.com:vmk180:part0:3.0 available at C:/Xilinx/Vivado/2024.1/data/xhub/boards/XilinxBoardStore/boards/Xilinx/vmk180/production/3.0/board.xml as part xcvm1802-vsva2197-2mp-e-s specified in board_part file is either invalid or not available
WARNING: [Board 49-26] cannot add Board Part xilinx.com:vmk180:part0:3.1 available at C:/Xilinx/Vivado/2024.1/data/xhub/boards/XilinxBoardStore/boards/Xilinx/vmk180/production/3.1/board.xml as part xcvm1802-vsva2197-2mp-e-s specified in board_part file is either invalid or not available
WARNING: [Board 49-26] cannot add Board Part xilinx.com:vmk180:part0:3.2 available at C:/Xilinx/Vivado/2024.1/data/xhub/boards/XilinxBoardStore/boards/Xilinx/vmk180/production/3.2/board.xml as part xcvm1802-vsva2197-2mp-e-s specified in board_part file is either invalid or not available
WARNING: [Board 49-26] cannot add Board Part xilinx.com:vmk180_newl:part0:1.0 available at C:/Xilinx/Vivado/2024.1/data/xhub/boards/XilinxBoardStore/boards/Xilinx/vmk180_newl/production/1.0/board.xml as part xcvm1802-vsva2197-2mp-e-s specified in board_part file is either invalid or not available
WARNING: [Board 49-26] cannot add Board Part xilinx.com:vmk180_newl:part0:1.1 available at C:/Xilinx/Vivado/2024.1/data/xhub/boards/XilinxBoardStore/boards/Xilinx/vmk180_newl/production/1.1/board.xml as part xcvm1802-vsva2197-2mp-e-s specified in board_part file is either invalid or not available
WARNING: [Board 49-26] cannot add Board Part xilinx.com:vpk120:part0:1.0 available at C:/Xilinx/Vivado/2024.1/data/xhub/boards/XilinxBoardStore/boards/Xilinx/vpk120/production/1.0/board.xml as part xcvp1202-vsva2785-2mp-e-s specified in board_part file is either invalid or not available
WARNING: [Board 49-26] cannot add Board Part xilinx.com:vpk120:part0:1.1 available at C:/Xilinx/Vivado/2024.1/data/xhub/boards/XilinxBoardStore/boards/Xilinx/vpk120/production/1.1/board.xml as part xcvp1202-vsva2785-2mp-e-s specified in board_part file is either invalid or not available
WARNING: [Board 49-26] cannot add Board Part xilinx.com:vpk120:part0:1.2 available at C:/Xilinx/Vivado/2024.1/data/xhub/boards/XilinxBoardStore/boards/Xilinx/vpk120/production/1.2/board.xml as part xcvp1202-vsva2785-2mp-e-s specified in board_part file is either invalid or not available
WARNING: [Board 49-26] cannot add Board Part xilinx.com:vpk180:part0:1.0 available at C:/Xilinx/Vivado/2024.1/data/xhub/boards/XilinxBoardStore/boards/Xilinx/vpk180/production/1.0/board.xml as part xcvp1802-lsvc4072-2mp-e-s specified in board_part file is either invalid or not available
WARNING: [Board 49-26] cannot add Board Part xilinx.com:vpk180:part0:1.1 available at C:/Xilinx/Vivado/2024.1/data/xhub/boards/XilinxBoardStore/boards/Xilinx/vpk180/production/1.1/board.xml as part xcvp1802-lsvc4072-2mp-e-s specified in board_part file is either invalid or not available
WARNING: [Board 49-26] cannot add Board Part xilinx.com:vpk180:part0:1.2 available at C:/Xilinx/Vivado/2024.1/data/xhub/boards/XilinxBoardStore/boards/Xilinx/vpk180/production/1.2/board.xml as part xcvp1802-lsvc4072-2mp-e-s specified in board_part file is either invalid or not available
WARNING: [Board 49-26] cannot add Board Part xilinx.com:zc706:part0:1.4 available at C:/Xilinx/Vivado/2024.1/data/xhub/boards/XilinxBoardStore/boards/Xilinx/zc706/1.4/board.xml as part xc7z045ffg900-2 specified in board_part file is either invalid or not available
WARNING: [Board 49-26] cannot add Board Part xilinx.com:zcu102:part0:3.3 available at C:/Xilinx/Vivado/2024.1/data/xhub/boards/XilinxBoardStore/boards/Xilinx/zcu102/3.3/board.xml as part xczu9eg-ffvb1156-2-e specified in board_part file is either invalid or not available
WARNING: [Board 49-26] cannot add Board Part xilinx.com:zcu102:part0:3.4 available at C:/Xilinx/Vivado/2024.1/data/xhub/boards/XilinxBoardStore/boards/Xilinx/zcu102/3.4/board.xml as part xczu9eg-ffvb1156-2-e specified in board_part file is either invalid or not available
WARNING: [Board 49-26] cannot add Board Part xilinx.com:zcu104:part0:1.1 available at C:/Xilinx/Vivado/2024.1/data/xhub/boards/XilinxBoardStore/boards/Xilinx/zcu104/1.1/board.xml as part xczu7ev-ffvc1156-2-e specified in board_part file is either invalid or not available
WARNING: [Board 49-26] cannot add Board Part xilinx.com:zcu106:part0:2.4 available at C:/Xilinx/Vivado/2024.1/data/xhub/boards/XilinxBoardStore/boards/Xilinx/zcu106/2.4/board.xml as part xczu7ev-ffvc1156-2-e specified in board_part file is either invalid or not available
WARNING: [Board 49-26] cannot add Board Part xilinx.com:zcu106:part0:2.5 available at C:/Xilinx/Vivado/2024.1/data/xhub/boards/XilinxBoardStore/boards/Xilinx/zcu106/2.5/board.xml as part xczu7ev-ffvc1156-2-e specified in board_part file is either invalid or not available
WARNING: [Board 49-26] cannot add Board Part xilinx.com:zcu106:part0:2.6 available at C:/Xilinx/Vivado/2024.1/data/xhub/boards/XilinxBoardStore/boards/Xilinx/zcu106/2.6/board.xml as part xczu7ev-ffvc1156-2-e specified in board_part file is either invalid or not available
WARNING: [Board 49-26] cannot add Board Part xilinx.com:zcu111:part0:1.2 available at C:/Xilinx/Vivado/2024.1/data/xhub/boards/XilinxBoardStore/boards/Xilinx/zcu111/1.2/board.xml as part xczu28dr-ffvg1517-2-e specified in board_part file is either invalid or not available
WARNING: [Board 49-26] cannot add Board Part xilinx.com:zcu111:part0:1.3 available at C:/Xilinx/Vivado/2024.1/data/xhub/boards/XilinxBoardStore/boards/Xilinx/zcu111/1.3/board.xml as part xczu28dr-ffvg1517-2-e specified in board_part file is either invalid or not available
WARNING: [Board 49-26] cannot add Board Part xilinx.com:zcu111:part0:1.4 available at C:/Xilinx/Vivado/2024.1/data/xhub/boards/XilinxBoardStore/boards/Xilinx/zcu111/1.4/board.xml as part xczu28dr-ffvg1517-2-e specified in board_part file is either invalid or not available
WARNING: [Board 49-26] cannot add Board Part xilinx.com:zcu1275:part0:1.0 available at C:/Xilinx/Vivado/2024.1/data/xhub/boards/XilinxBoardStore/boards/Xilinx/zcu1275/1.0/board.xml as part xczu29dr-ffvf1760-2-e specified in board_part file is either invalid or not available
WARNING: [Board 49-26] cannot add Board Part xilinx.com:zcu1285:part0:1.0 available at C:/Xilinx/Vivado/2024.1/data/xhub/boards/XilinxBoardStore/boards/Xilinx/zcu1285/1.0/board.xml as part xczu39dr-ffvf1760-2-i specified in board_part file is either invalid or not available
WARNING: [Board 49-26] cannot add Board Part xilinx.com:zcu208:part0:2.0 available at C:/Xilinx/Vivado/2024.1/data/xhub/boards/XilinxBoardStore/boards/Xilinx/zcu208/production/2.0/board.xml as part xczu48dr-fsvg1517-2-e specified in board_part file is either invalid or not available
WARNING: [Board 49-26] cannot add Board Part xilinx.com:zcu208ld:part0:2.0 available at C:/Xilinx/Vivado/2024.1/data/xhub/boards/XilinxBoardStore/boards/Xilinx/zcu208ld/production/2.0/board.xml as part xczu58dr-fsvg1517-2-i specified in board_part file is either invalid or not available
WARNING: [Board 49-26] cannot add Board Part xilinx.com:zcu216:part0:2.0 available at C:/Xilinx/Vivado/2024.1/data/xhub/boards/XilinxBoardStore/boards/Xilinx/zcu216/production/2.0/board.xml as part xczu49dr-ffvf1760-2-e specified in board_part file is either invalid or not available
WARNING: [Board 49-26] cannot add Board Part xilinx.com:zcu216ld:part0:2.0 available at C:/Xilinx/Vivado/2024.1/data/xhub/boards/XilinxBoardStore/boards/Xilinx/zcu216ld/production/2.0/board.xml as part xczu59dr-ffvf1760-2-i specified in board_part file is either invalid or not available
WARNING: [Board 49-26] cannot add Board Part xilinx.com:zcu670:part0:2.0 available at C:/Xilinx/Vivado/2024.1/data/xhub/boards/XilinxBoardStore/boards/Xilinx/zcu670/2.0/board.xml as part xczu67dr-fsve1156-2-i specified in board_part file is either invalid or not available
WARNING: [Board 49-26] cannot add Board Part xilinx.com:zcu670ld:part0:1.0 available at C:/Xilinx/Vivado/2024.1/data/xhub/boards/XilinxBoardStore/boards/Xilinx/zcu670ld/1.0/board.xml as part xczu57dr-fsve1156-2-i specified in board_part file is either invalid or not available
INFO: [filemgmt 56-3] Default IP Output Path : Could not find the directory 'C:/Users/admin/Desktop/VHDL/vending_machiness2/vending_machiness2/vending_machiness2.gen/sources_1'.
Scanning sources...
Finished scanning sources
INFO: [IP_Flow 19-234] Refreshing IP repositories
INFO: [IP_Flow 19-1704] No user IP repositories specified
INFO: [IP_Flow 19-2313] Loaded Vivado IP repository 'C:/Xilinx/Vivado/2024.1/data/ip'.
open_project: Time (s): cpu = 00:00:11 ; elapsed = 00:00:09 . Memory (MB): peak = 1529.559 ; gain = 430.109
update_compile_order -fileset sources_1
synth_design -top vending_machiness2 -part xc7z020clg400-1 -lint 
Command: synth_design -top vending_machiness2 -part xc7z020clg400-1 -lint
Starting synth_design
Attempting to get a license for feature 'Synthesis' and/or device 'xc7z020'
INFO: [Common 17-349] Got license for feature 'Synthesis' and/or device 'xc7z020'
INFO: [Synth 8-7079] Multithreading enabled for synth_design using a maximum of 2 processes.
INFO: [Synth 8-7078] Launching helper process for spawning children vivado processes
INFO: [Synth 8-7075] Helper process launched with PID 332
---------------------------------------------------------------------------------
Starting Synthesize : Time (s): cpu = 00:00:05 ; elapsed = 00:00:05 . Memory (MB): peak = 1977.621 ; gain = 444.863
---------------------------------------------------------------------------------
Clean up Linter database...
INFO: [Synth 8-6157] synthesizing module 'vending_machiness2' [C:/Users/admin/Desktop/VHDL/vending_machiness2/vending_machiness2/vending_machiness2.srcs/sources_1/new/vending_machiness2.v:23]
INFO: [Synth 8-6157] synthesizing module 'input_moduless2' [C:/Users/admin/Desktop/VHDL/vending_machiness2/vending_machiness2/vending_machiness2.srcs/sources_1/new/input_moduless2.v:23]
INFO: [Synth 8-6155] done synthesizing module 'input_moduless2' (1#1) [C:/Users/admin/Desktop/VHDL/vending_machiness2/vending_machiness2/vending_machiness2.srcs/sources_1/new/input_moduless2.v:23]
INFO: [Synth 8-6157] synthesizing module 'check_moduless2' [C:/Users/admin/Desktop/VHDL/vending_machiness2/vending_machiness2/vending_machiness2.srcs/sources_1/new/check_moduless2.v:23]
INFO: [Synth 8-6155] done synthesizing module 'check_moduless2' (2#1) [C:/Users/admin/Desktop/VHDL/vending_machiness2/vending_machiness2/vending_machiness2.srcs/sources_1/new/check_moduless2.v:23]
INFO: [Synth 8-6157] synthesizing module 'calculate_moduless2' [C:/Users/admin/Desktop/VHDL/vending_machiness2/vending_machiness2/vending_machiness2.srcs/sources_1/new/calculate_moduless2.v:23]
INFO: [Synth 8-6155] done synthesizing module 'calculate_moduless2' (3#1) [C:/Users/admin/Desktop/VHDL/vending_machiness2/vending_machiness2/vending_machiness2.srcs/sources_1/new/calculate_moduless2.v:23]
INFO: [Synth 8-6157] synthesizing module 'insert_money_moduless2' [C:/Users/admin/Desktop/VHDL/vending_machiness2/vending_machiness2/vending_machiness2.srcs/sources_1/new/insert_money_module_ss2.v:23]
INFO: [Synth 8-6155] done synthesizing module 'insert_money_moduless2' (4#1) [C:/Users/admin/Desktop/VHDL/vending_machiness2/vending_machiness2/vending_machiness2.srcs/sources_1/new/insert_money_module_ss2.v:23]
INFO: [Synth 8-6157] synthesizing module 'payment_moduless2' [C:/Users/admin/Desktop/VHDL/vending_machiness2/vending_machiness2/vending_machiness2.srcs/sources_1/new/payment_moduless2.v:23]
INFO: [Synth 8-6155] done synthesizing module 'payment_moduless2' (5#1) [C:/Users/admin/Desktop/VHDL/vending_machiness2/vending_machiness2/vending_machiness2.srcs/sources_1/new/payment_moduless2.v:23]
INFO: [Synth 8-6155] done synthesizing module 'vending_machiness2' (6#1) [C:/Users/admin/Desktop/VHDL/vending_machiness2/vending_machiness2/vending_machiness2.srcs/sources_1/new/vending_machiness2.v:23]
---------------------------------------------------------------------------------
Finished Synthesize : Time (s): cpu = 00:00:06 ; elapsed = 00:00:07 . Memory (MB): peak = 2089.852 ; gain = 557.094
---------------------------------------------------------------------------------
Copyright 1986-2022 Xilinx, Inc. All Rights Reserved. Copyright 2022-2024 Advanced Micro Devices, Inc. All Rights Reserved.
---------------------------------------------------------------------------------------------------------------------------------------------
| Tool Version : Vivado v.2024.1 (win64) Build 5076996 Wed May 22 18:37:14 MDT 2024
| Date         : Thu Oct 24 22:59:03 2024
| Host         : DESKTOP-5PL43IQ running 64-bit major release  (build 9200)
---------------------------------------------------------------------------------------------------------------------------------------------

RTL Linter Report

Table of Contents
-----------------
1. Summary

1. Summary
----------

+-----------+----------+--------------+----------+
| Rule ID   | Severity | # Violations | # Waived |
+-----------+----------+--------------+----------+
| ASSIGN-5  | WARNING  | 1            | 0        |
| ASSIGN-7  | WARNING  | 2            | 0        |
| ASSIGN-10 | WARNING  | 1            | 0        |
+-----------+----------+--------------+----------+


WARNING: [Synth 37-125] [ASSIGN-10]Some bits in IO 'selected_id' are not read. First unread bit index is 0. 
RTL Name 'selected_id', Hierarchy 'check_moduless2', File 'check_moduless2.v', Line 24.
WARNING: [Synth 37-124] [ASSIGN-5]Some bits in 'temp_state' are not set. First unset bit index is 0. 
RTL Name 'temp_state', Hierarchy 'vending_machiness2', File 'vending_machiness2.v', Line 58.
WARNING: [Synth 37-90] [ASSIGN-7]Multiple assignments detected on array current_product, first multi-driven bit index is 0.
RTL Name 'current_product', Hierarchy 'vending_machiness2', File 'C:/Users/admin/Desktop/VHDL/vending_machiness2/vending_machiness2/vending_machiness2.srcs/sources_1/new/vending_machiness2.v', Line 56.
WARNING: [Synth 37-90] [ASSIGN-7]Multiple assignments detected on array state, first multi-driven bit index is 0.
RTL Name 'state', Hierarchy 'vending_machiness2', File 'C:/Users/admin/Desktop/VHDL/vending_machiness2/vending_machiness2/vending_machiness2.srcs/sources_1/new/vending_machiness2.v', Line 55.
INFO: [Synth 37-85] Total of 4 linter message(s) generated.
INFO: [Synth 37-45] Linter Run Finished!
Synthesis Optimization Runtime : Time (s): cpu = 00:00:06 ; elapsed = 00:00:07 . Memory (MB): peak = 2089.852 ; gain = 557.094
INFO: [Common 17-83] Releasing license: Synthesis
19 Infos, 4 Warnings, 0 Critical Warnings and 0 Errors encountered.
synth_design completed successfully
synth_design: Time (s): cpu = 00:00:06 ; elapsed = 00:00:07 . Memory (MB): peak = 2089.852 ; gain = 557.094
synth_design -rtl -rtl_skip_mlo -name rtl_1
Command: synth_design -rtl -rtl_skip_mlo -name rtl_1
Starting synth_design
Using part: xc7z020clg400-1
Top: vending_machiness2
INFO: [Device 21-403] Loading part xc7z020clg400-1
INFO: [Device 21-9227] Part: xc7z020clg400-1 does not have CEAM library.
INFO: [Synth 8-7079] Multithreading enabled for synth_design using a maximum of 2 processes.
---------------------------------------------------------------------------------
Starting RTL Elaboration : Time (s): cpu = 00:00:05 ; elapsed = 00:00:05 . Memory (MB): peak = 2407.129 ; gain = 113.473
---------------------------------------------------------------------------------
INFO: [Synth 8-6157] synthesizing module 'vending_machiness2' [C:/Users/admin/Desktop/VHDL/vending_machiness2/vending_machiness2/vending_machiness2.srcs/sources_1/new/vending_machiness2.v:23]
INFO: [Synth 8-6157] synthesizing module 'input_moduless2' [C:/Users/admin/Desktop/VHDL/vending_machiness2/vending_machiness2/vending_machiness2.srcs/sources_1/new/input_moduless2.v:23]
INFO: [Synth 8-6155] done synthesizing module 'input_moduless2' (0#1) [C:/Users/admin/Desktop/VHDL/vending_machiness2/vending_machiness2/vending_machiness2.srcs/sources_1/new/input_moduless2.v:23]
INFO: [Synth 8-6157] synthesizing module 'check_moduless2' [C:/Users/admin/Desktop/VHDL/vending_machiness2/vending_machiness2/vending_machiness2.srcs/sources_1/new/check_moduless2.v:23]
INFO: [Synth 8-6155] done synthesizing module 'check_moduless2' (0#1) [C:/Users/admin/Desktop/VHDL/vending_machiness2/vending_machiness2/vending_machiness2.srcs/sources_1/new/check_moduless2.v:23]
INFO: [Synth 8-6157] synthesizing module 'calculate_moduless2' [C:/Users/admin/Desktop/VHDL/vending_machiness2/vending_machiness2/vending_machiness2.srcs/sources_1/new/calculate_moduless2.v:23]
INFO: [Synth 8-6155] done synthesizing module 'calculate_moduless2' (0#1) [C:/Users/admin/Desktop/VHDL/vending_machiness2/vending_machiness2/vending_machiness2.srcs/sources_1/new/calculate_moduless2.v:23]
INFO: [Synth 8-6157] synthesizing module 'insert_money_moduless2' [C:/Users/admin/Desktop/VHDL/vending_machiness2/vending_machiness2/vending_machiness2.srcs/sources_1/new/insert_money_module_ss2.v:23]
INFO: [Synth 8-6155] done synthesizing module 'insert_money_moduless2' (0#1) [C:/Users/admin/Desktop/VHDL/vending_machiness2/vending_machiness2/vending_machiness2.srcs/sources_1/new/insert_money_module_ss2.v:23]
INFO: [Synth 8-6157] synthesizing module 'payment_moduless2' [C:/Users/admin/Desktop/VHDL/vending_machiness2/vending_machiness2/vending_machiness2.srcs/sources_1/new/payment_moduless2.v:23]
INFO: [Synth 8-6155] done synthesizing module 'payment_moduless2' (0#1) [C:/Users/admin/Desktop/VHDL/vending_machiness2/vending_machiness2/vending_machiness2.srcs/sources_1/new/payment_moduless2.v:23]
INFO: [Synth 8-6155] done synthesizing module 'vending_machiness2' (0#1) [C:/Users/admin/Desktop/VHDL/vending_machiness2/vending_machiness2/vending_machiness2.srcs/sources_1/new/vending_machiness2.v:23]
---------------------------------------------------------------------------------
Finished RTL Elaboration : Time (s): cpu = 00:00:06 ; elapsed = 00:00:07 . Memory (MB): peak = 2519.516 ; gain = 225.859
---------------------------------------------------------------------------------
---------------------------------------------------------------------------------
Start Handling Custom Attributes
---------------------------------------------------------------------------------
---------------------------------------------------------------------------------
Finished Handling Custom Attributes : Time (s): cpu = 00:00:06 ; elapsed = 00:00:07 . Memory (MB): peak = 2519.516 ; gain = 225.859
---------------------------------------------------------------------------------
---------------------------------------------------------------------------------
Finished RTL Optimization Phase 1 : Time (s): cpu = 00:00:06 ; elapsed = 00:00:07 . Memory (MB): peak = 2519.516 ; gain = 225.859
---------------------------------------------------------------------------------
Netlist sorting complete. Time (s): cpu = 00:00:00 ; elapsed = 00:00:00.005 . Memory (MB): peak = 2519.516 ; gain = 0.000
INFO: [Project 1-570] Preparing netlist for logic optimization

Processing XDC Constraints
Initializing timing engine
Parsing XDC File [C:/Users/admin/Desktop/VHDL/vending_machiness2/vending_machiness2/vending_machiness2.srcs/constrs_ss2/new/TOPSS.xdc]
Finished Parsing XDC File [C:/Users/admin/Desktop/VHDL/vending_machiness2/vending_machiness2/vending_machiness2.srcs/constrs_ss2/new/TOPSS.xdc]
Completed Processing XDC Constraints

Netlist sorting complete. Time (s): cpu = 00:00:00 ; elapsed = 00:00:00.001 . Memory (MB): peak = 2628.641 ; gain = 0.000
INFO: [Project 1-111] Unisim Transformation Summary:
No Unisim elements were transformed.

RTL Elaboration Complete:  : Time (s): cpu = 00:00:09 ; elapsed = 00:00:11 . Memory (MB): peak = 2655.539 ; gain = 361.883
17 Infos, 0 Warnings, 0 Critical Warnings and 0 Errors encountered.
synth_design completed successfully
synth_design: Time (s): cpu = 00:00:10 ; elapsed = 00:00:22 . Memory (MB): peak = 2655.539 ; gain = 565.688
reset_run synth_1
INFO: [Project 1-1161] Replacing file C:/Users/admin/Desktop/VHDL/vending_machiness2/vending_machiness2/vending_machiness2.srcs/utils_1/imports/synth_1/tb_vending_machiness2.dcp with file C:/Users/admin/Desktop/VHDL/vending_machiness2/vending_machiness2/vending_machiness2.runs/synth_1/vending_machiness2.dcp
launch_runs synth_1 -jobs 12
[Thu Oct 24 23:00:12 2024] Launched synth_1...
Run output will be captured here: C:/Users/admin/Desktop/VHDL/vending_machiness2/vending_machiness2/vending_machiness2.runs/synth_1/runme.log
launch_runs impl_1 -jobs 12
[Thu Oct 24 23:01:09 2024] Launched impl_1...
Run output will be captured here: C:/Users/admin/Desktop/VHDL/vending_machiness2/vending_machiness2/vending_machiness2.runs/impl_1/runme.log
close_design
open_run impl_1
Netlist sorting complete. Time (s): cpu = 00:00:00 ; elapsed = 00:00:00 . Memory (MB): peak = 2685.996 ; gain = 0.000
INFO: [Netlist 29-17] Analyzing 2 Unisim elements for replacement
INFO: [Netlist 29-28] Unisim Transformation completed in 0 CPU seconds
INFO: [Project 1-479] Netlist was created with Vivado 2024.1
INFO: [Project 1-570] Preparing netlist for logic optimization
Read ShapeDB Complete: Time (s): cpu = 00:00:00 ; elapsed = 00:00:00.003 . Memory (MB): peak = 2685.996 ; gain = 0.000
INFO: [Timing 38-478] Restoring timing data from binary archive.
INFO: [Timing 38-479] Binary timing data restore complete.
INFO: [Project 1-856] Restoring constraints from binary archive.
INFO: [Project 1-853] Binary constraint restore complete.
INFO: [Designutils 20-5722] Start Reading Physical Databases.
Reading placement.
Read Netlist Cache: Time (s): cpu = 00:00:00 ; elapsed = 00:00:00 . Memory (MB): peak = 3018.461 ; gain = 0.000
Reading placer database...
Read Device Cache: Time (s): cpu = 00:00:00 ; elapsed = 00:00:00.012 . Memory (MB): peak = 3018.461 ; gain = 0.000
Read PlaceDB: Time (s): cpu = 00:00:00 ; elapsed = 00:00:00.004 . Memory (MB): peak = 3018.461 ; gain = 0.000
Read PulsedLatchDB: Time (s): cpu = 00:00:00 ; elapsed = 00:00:00 . Memory (MB): peak = 3018.461 ; gain = 0.000
Reading routing.
Read RouteStorage: Time (s): cpu = 00:00:00 ; elapsed = 00:00:00.047 . Memory (MB): peak = 3018.461 ; gain = 0.000
Read Physdb Files: Time (s): cpu = 00:00:00 ; elapsed = 00:00:00.077 . Memory (MB): peak = 3018.461 ; gain = 0.000
Restored from archive | CPU: 0.000000 secs | Memory: 0.000000 MB |
Finished XDEF File Restore: Time (s): cpu = 00:00:00 ; elapsed = 00:00:00.078 . Memory (MB): peak = 3018.461 ; gain = 0.000
Netlist sorting complete. Time (s): cpu = 00:00:00 ; elapsed = 00:00:00 . Memory (MB): peak = 3018.461 ; gain = 0.000
INFO: [Project 1-111] Unisim Transformation Summary:
  A total of 2 instances were transformed.
  RAM32M => RAM32M (RAMD32(x6), RAMS32(x2)): 2 instances

open_run: Time (s): cpu = 00:00:07 ; elapsed = 00:00:10 . Memory (MB): peak = 3085.996 ; gain = 400.000
WARNING: [Timing 38-313] There are no user specified timing constraints. Timing constraints are needed for proper timing analysis.
open_run synth_1 -name synth_1
Design is defaulting to impl run constrset: constrs_ss2
Design is defaulting to synth run part: xc7z020clg400-1
Netlist sorting complete. Time (s): cpu = 00:00:00 ; elapsed = 00:00:00 . Memory (MB): peak = 3113.473 ; gain = 0.000
INFO: [Netlist 29-17] Analyzing 2 Unisim elements for replacement
INFO: [Netlist 29-28] Unisim Transformation completed in 0 CPU seconds
INFO: [Project 1-479] Netlist was created with Vivado 2024.1
INFO: [Project 1-570] Preparing netlist for logic optimization
Parsing XDC File [C:/Users/admin/Desktop/VHDL/vending_machiness2/vending_machiness2/vending_machiness2.srcs/constrs_ss2/new/TOPSS.xdc]
Finished Parsing XDC File [C:/Users/admin/Desktop/VHDL/vending_machiness2/vending_machiness2/vending_machiness2.srcs/constrs_ss2/new/TOPSS.xdc]
INFO: [Opt 31-138] Pushed 0 inverter(s) to 0 load pin(s).
Netlist sorting complete. Time (s): cpu = 00:00:00 ; elapsed = 00:00:00 . Memory (MB): peak = 3170.363 ; gain = 0.000
INFO: [Project 1-111] Unisim Transformation Summary:
  A total of 2 instances were transformed.
  RAM32M => RAM32M (RAMD32(x6), RAMS32(x2)): 2 instances

synth_design -rtl -rtl_skip_mlo -name rtl_1
Command: synth_design -rtl -rtl_skip_mlo -name rtl_1
Starting synth_design
Using part: xc7z020clg400-1
Top: vending_machiness2
INFO: [Synth 8-7079] Multithreading enabled for synth_design using a maximum of 2 processes.
---------------------------------------------------------------------------------
Starting RTL Elaboration : Time (s): cpu = 00:00:04 ; elapsed = 00:00:05 . Memory (MB): peak = 3368.422 ; gain = 126.180
---------------------------------------------------------------------------------
INFO: [Synth 8-6157] synthesizing module 'vending_machiness2' [C:/Users/admin/Desktop/VHDL/vending_machiness2/vending_machiness2/vending_machiness2.srcs/sources_1/new/vending_machiness2.v:23]
INFO: [Synth 8-6157] synthesizing module 'input_moduless2' [C:/Users/admin/Desktop/VHDL/vending_machiness2/vending_machiness2/vending_machiness2.srcs/sources_1/new/input_moduless2.v:23]
INFO: [Synth 8-6155] done synthesizing module 'input_moduless2' (0#1) [C:/Users/admin/Desktop/VHDL/vending_machiness2/vending_machiness2/vending_machiness2.srcs/sources_1/new/input_moduless2.v:23]
INFO: [Synth 8-6157] synthesizing module 'check_moduless2' [C:/Users/admin/Desktop/VHDL/vending_machiness2/vending_machiness2/vending_machiness2.srcs/sources_1/new/check_moduless2.v:23]
INFO: [Synth 8-6155] done synthesizing module 'check_moduless2' (0#1) [C:/Users/admin/Desktop/VHDL/vending_machiness2/vending_machiness2/vending_machiness2.srcs/sources_1/new/check_moduless2.v:23]
INFO: [Synth 8-6157] synthesizing module 'calculate_moduless2' [C:/Users/admin/Desktop/VHDL/vending_machiness2/vending_machiness2/vending_machiness2.srcs/sources_1/new/calculate_moduless2.v:23]
INFO: [Synth 8-6155] done synthesizing module 'calculate_moduless2' (0#1) [C:/Users/admin/Desktop/VHDL/vending_machiness2/vending_machiness2/vending_machiness2.srcs/sources_1/new/calculate_moduless2.v:23]
INFO: [Synth 8-6157] synthesizing module 'insert_money_moduless2' [C:/Users/admin/Desktop/VHDL/vending_machiness2/vending_machiness2/vending_machiness2.srcs/sources_1/new/insert_money_module_ss2.v:23]
INFO: [Synth 8-6155] done synthesizing module 'insert_money_moduless2' (0#1) [C:/Users/admin/Desktop/VHDL/vending_machiness2/vending_machiness2/vending_machiness2.srcs/sources_1/new/insert_money_module_ss2.v:23]
INFO: [Synth 8-6157] synthesizing module 'payment_moduless2' [C:/Users/admin/Desktop/VHDL/vending_machiness2/vending_machiness2/vending_machiness2.srcs/sources_1/new/payment_moduless2.v:23]
INFO: [Synth 8-6155] done synthesizing module 'payment_moduless2' (0#1) [C:/Users/admin/Desktop/VHDL/vending_machiness2/vending_machiness2/vending_machiness2.srcs/sources_1/new/payment_moduless2.v:23]
INFO: [Synth 8-6155] done synthesizing module 'vending_machiness2' (0#1) [C:/Users/admin/Desktop/VHDL/vending_machiness2/vending_machiness2/vending_machiness2.srcs/sources_1/new/vending_machiness2.v:23]
---------------------------------------------------------------------------------
Finished RTL Elaboration : Time (s): cpu = 00:00:06 ; elapsed = 00:00:07 . Memory (MB): peak = 3473.988 ; gain = 231.746
---------------------------------------------------------------------------------
---------------------------------------------------------------------------------
Start Handling Custom Attributes
---------------------------------------------------------------------------------
---------------------------------------------------------------------------------
Finished Handling Custom Attributes : Time (s): cpu = 00:00:06 ; elapsed = 00:00:07 . Memory (MB): peak = 3496.305 ; gain = 254.062
---------------------------------------------------------------------------------
---------------------------------------------------------------------------------
Finished RTL Optimization Phase 1 : Time (s): cpu = 00:00:06 ; elapsed = 00:00:07 . Memory (MB): peak = 3496.305 ; gain = 254.062
---------------------------------------------------------------------------------
Netlist sorting complete. Time (s): cpu = 00:00:00 ; elapsed = 00:00:00.004 . Memory (MB): peak = 3496.305 ; gain = 0.000
INFO: [Project 1-570] Preparing netlist for logic optimization

Processing XDC Constraints
Initializing timing engine
Parsing XDC File [C:/Users/admin/Desktop/VHDL/vending_machiness2/vending_machiness2/vending_machiness2.srcs/constrs_ss2/new/TOPSS.xdc]
Finished Parsing XDC File [C:/Users/admin/Desktop/VHDL/vending_machiness2/vending_machiness2/vending_machiness2.srcs/constrs_ss2/new/TOPSS.xdc]
Completed Processing XDC Constraints

Netlist sorting complete. Time (s): cpu = 00:00:00 ; elapsed = 00:00:00 . Memory (MB): peak = 3633.102 ; gain = 0.000
INFO: [Project 1-111] Unisim Transformation Summary:
No Unisim elements were transformed.

RTL Elaboration Complete:  : Time (s): cpu = 00:00:07 ; elapsed = 00:00:09 . Memory (MB): peak = 3633.102 ; gain = 390.859
15 Infos, 0 Warnings, 0 Critical Warnings and 0 Errors encountered.
synth_design completed successfully
synth_design: Time (s): cpu = 00:00:07 ; elapsed = 00:00:09 . Memory (MB): peak = 3633.102 ; gain = 390.859
current_design synth_1
WARNING: [filemgmt 56-199] Attempt to get parsing info during refresh. "On-the-fly" syntax checking information may be incorrect. [C:\Users\admin\Desktop\VHDL\vending_machiness2\vending_machiness2\vending_machiness2.srcs\sources_1\new\insert_money_module_ss2.v:]
WARNING: [filemgmt 56-199] Attempt to get parsing info during refresh. "On-the-fly" syntax checking information may be incorrect. [C:\Users\admin\Desktop\VHDL\vending_machiness2\vending_machiness2\vending_machiness2.srcs\sources_1\new\payment_moduless2.v:]
WARNING: [filemgmt 56-199] Attempt to get parsing info during refresh. "On-the-fly" syntax checking information may be incorrect. [C:\Users\admin\Desktop\VHDL\vending_machiness2\vending_machiness2\vending_machiness2.srcs\sources_1\new\calculate_moduless2.v:]
WARNING: [filemgmt 56-199] Attempt to get parsing info during refresh. "On-the-fly" syntax checking information may be incorrect. [C:\Users\admin\Desktop\VHDL\vending_machiness2\vending_machiness2\vending_machiness2.srcs\sources_1\new\check_moduless2.v:]
WARNING: [filemgmt 56-199] Attempt to get parsing info during refresh. "On-the-fly" syntax checking information may be incorrect. [C:\Users\admin\Desktop\VHDL\vending_machiness2\vending_machiness2\vending_machiness2.srcs\sources_1\new\vending_machiness2.v:]
WARNING: [filemgmt 56-199] Attempt to get parsing info during refresh. "On-the-fly" syntax checking information may be incorrect. [C:\Users\admin\Desktop\VHDL\vending_machiness2\vending_machiness2\vending_machiness2.srcs\sources_1\new\input_moduless2.v:]
WARNING: [filemgmt 56-199] Attempt to get parsing info during refresh. "On-the-fly" syntax checking information may be incorrect. [C:\Users\admin\Desktop\VHDL\vending_machiness2\vending_machiness2\vending_machiness2.srcs\sources_1\new\tb_vending_machiness2.v:]
WARNING: [filemgmt 56-199] Attempt to get parsing info during refresh. "On-the-fly" syntax checking information may be incorrect. [C:\Users\admin\Desktop\VHDL\vending_machiness2\vending_machiness2\vending_machiness2.srcs\sources_1\new\input_moduless2.v:]
WARNING: [filemgmt 56-199] Attempt to get parsing info during refresh. "On-the-fly" syntax checking information may be incorrect. [C:\Users\admin\Desktop\VHDL\vending_machiness2\vending_machiness2\vending_machiness2.srcs\sources_1\new\input_moduless2.v:]
WARNING: [filemgmt 56-199] Attempt to get parsing info during refresh. "On-the-fly" syntax checking information may be incorrect. [C:\Users\admin\Desktop\VHDL\vending_machiness2\vending_machiness2\vending_machiness2.srcs\sources_1\new\insert_money_module_ss2.v:]
WARNING: [filemgmt 56-199] Attempt to get parsing info during refresh. "On-the-fly" syntax checking information may be incorrect. [C:\Users\admin\Desktop\VHDL\vending_machiness2\vending_machiness2\vending_machiness2.srcs\sources_1\new\payment_moduless2.v:]
WARNING: [filemgmt 56-199] Attempt to get parsing info during refresh. "On-the-fly" syntax checking information may be incorrect. [C:\Users\admin\Desktop\VHDL\vending_machiness2\vending_machiness2\vending_machiness2.srcs\sources_1\new\calculate_moduless2.v:]
WARNING: [filemgmt 56-199] Attempt to get parsing info during refresh. "On-the-fly" syntax checking information may be incorrect. [C:\Users\admin\Desktop\VHDL\vending_machiness2\vending_machiness2\vending_machiness2.srcs\sources_1\new\check_moduless2.v:]
WARNING: [filemgmt 56-199] Attempt to get parsing info during refresh. "On-the-fly" syntax checking information may be incorrect. [C:\Users\admin\Desktop\VHDL\vending_machiness2\vending_machiness2\vending_machiness2.srcs\sources_1\new\vending_machiness2.v:]
WARNING: [filemgmt 56-199] Attempt to get parsing info during refresh. "On-the-fly" syntax checking information may be incorrect. [C:\Users\admin\Desktop\VHDL\vending_machiness2\vending_machiness2\vending_machiness2.srcs\sources_1\new\input_moduless2.v:]
WARNING: [filemgmt 56-199] Attempt to get parsing info during refresh. "On-the-fly" syntax checking information may be incorrect. [C:\Users\admin\Desktop\VHDL\vending_machiness2\vending_machiness2\vending_machiness2.srcs\sources_1\new\tb_vending_machiness2.v:]
WARNING: [filemgmt 56-199] Attempt to get parsing info during refresh. "On-the-fly" syntax checking information may be incorrect. [C:\Users\admin\Desktop\VHDL\vending_machiness2\vending_machiness2\vending_machiness2.srcs\sources_1\new\tb_vending_machiness2.v:]
WARNING: [filemgmt 56-199] Attempt to get parsing info during refresh. "On-the-fly" syntax checking information may be incorrect. [C:\Users\admin\Desktop\VHDL\vending_machiness2\vending_machiness2\vending_machiness2.srcs\sources_1\new\tb_vending_machiness2.v:]
WARNING: [filemgmt 56-199] Attempt to get parsing info during refresh. "On-the-fly" syntax checking information may be incorrect. [C:\Users\admin\Desktop\VHDL\vending_machiness2\vending_machiness2\vending_machiness2.srcs\sources_1\new\insert_money_module_ss2.v:]
WARNING: [filemgmt 56-199] Attempt to get parsing info during refresh. "On-the-fly" syntax checking information may be incorrect. [C:\Users\admin\Desktop\VHDL\vending_machiness2\vending_machiness2\vending_machiness2.srcs\sources_1\new\payment_moduless2.v:]
WARNING: [filemgmt 56-199] Attempt to get parsing info during refresh. "On-the-fly" syntax checking information may be incorrect. [C:\Users\admin\Desktop\VHDL\vending_machiness2\vending_machiness2\vending_machiness2.srcs\sources_1\new\calculate_moduless2.v:]
WARNING: [filemgmt 56-199] Attempt to get parsing info during refresh. "On-the-fly" syntax checking information may be incorrect. [C:\Users\admin\Desktop\VHDL\vending_machiness2\vending_machiness2\vending_machiness2.srcs\sources_1\new\check_moduless2.v:]
WARNING: [filemgmt 56-199] Attempt to get parsing info during refresh. "On-the-fly" syntax checking information may be incorrect. [C:\Users\admin\Desktop\VHDL\vending_machiness2\vending_machiness2\vending_machiness2.srcs\sources_1\new\vending_machiness2.v:]
WARNING: [filemgmt 56-199] Attempt to get parsing info during refresh. "On-the-fly" syntax checking information may be incorrect. [C:\Users\admin\Desktop\VHDL\vending_machiness2\vending_machiness2\vending_machiness2.srcs\sources_1\new\input_moduless2.v:]
WARNING: [filemgmt 56-199] Attempt to get parsing info during refresh. "On-the-fly" syntax checking information may be incorrect. [C:\Users\admin\Desktop\VHDL\vending_machiness2\vending_machiness2\vending_machiness2.srcs\sources_1\new\tb_vending_machiness2.v:]
WARNING: [filemgmt 56-199] Attempt to get parsing info during refresh. "On-the-fly" syntax checking information may be incorrect. [C:\Users\admin\Desktop\VHDL\vending_machiness2\vending_machiness2\vending_machiness2.srcs\sources_1\new\payment_moduless2.v:]
WARNING: [filemgmt 56-199] Attempt to get parsing info during refresh. "On-the-fly" syntax checking information may be incorrect. [C:\Users\admin\Desktop\VHDL\vending_machiness2\vending_machiness2\vending_machiness2.srcs\sources_1\new\payment_moduless2.v:]
ERROR: [Common 17-180] Spawn failed: No error
synth_design -top vending_machiness2 -part xc7z020clg400-1 -lint 
Command: synth_design -top vending_machiness2 -part xc7z020clg400-1 -lint
Starting synth_design
Attempting to get a license for feature 'Synthesis' and/or device 'xc7z020'
INFO: [Common 17-349] Got license for feature 'Synthesis' and/or device 'xc7z020'
INFO: [Synth 8-7079] Multithreading enabled for synth_design using a maximum of 2 processes.
---------------------------------------------------------------------------------
Starting Synthesize : Time (s): cpu = 00:00:04 ; elapsed = 00:00:06 . Memory (MB): peak = 3644.023 ; gain = 10.922
---------------------------------------------------------------------------------
Clean up Linter database...
INFO: [Synth 8-6157] synthesizing module 'vending_machiness2' [C:/Users/admin/Desktop/VHDL/vending_machiness2/vending_machiness2/vending_machiness2.srcs/sources_1/new/vending_machiness2.v:23]
INFO: [Synth 8-6157] synthesizing module 'input_moduless2' [C:/Users/admin/Desktop/VHDL/vending_machiness2/vending_machiness2/vending_machiness2.srcs/sources_1/new/input_moduless2.v:23]
INFO: [Synth 8-6155] done synthesizing module 'input_moduless2' (1#1) [C:/Users/admin/Desktop/VHDL/vending_machiness2/vending_machiness2/vending_machiness2.srcs/sources_1/new/input_moduless2.v:23]
INFO: [Synth 8-6157] synthesizing module 'check_moduless2' [C:/Users/admin/Desktop/VHDL/vending_machiness2/vending_machiness2/vending_machiness2.srcs/sources_1/new/check_moduless2.v:23]
INFO: [Synth 8-6155] done synthesizing module 'check_moduless2' (2#1) [C:/Users/admin/Desktop/VHDL/vending_machiness2/vending_machiness2/vending_machiness2.srcs/sources_1/new/check_moduless2.v:23]
INFO: [Synth 8-6157] synthesizing module 'calculate_moduless2' [C:/Users/admin/Desktop/VHDL/vending_machiness2/vending_machiness2/vending_machiness2.srcs/sources_1/new/calculate_moduless2.v:23]
INFO: [Synth 8-6155] done synthesizing module 'calculate_moduless2' (3#1) [C:/Users/admin/Desktop/VHDL/vending_machiness2/vending_machiness2/vending_machiness2.srcs/sources_1/new/calculate_moduless2.v:23]
INFO: [Synth 8-6157] synthesizing module 'insert_money_moduless2' [C:/Users/admin/Desktop/VHDL/vending_machiness2/vending_machiness2/vending_machiness2.srcs/sources_1/new/insert_money_module_ss2.v:23]
INFO: [Synth 8-6155] done synthesizing module 'insert_money_moduless2' (4#1) [C:/Users/admin/Desktop/VHDL/vending_machiness2/vending_machiness2/vending_machiness2.srcs/sources_1/new/insert_money_module_ss2.v:23]
INFO: [Synth 8-6157] synthesizing module 'payment_moduless2' [C:/Users/admin/Desktop/VHDL/vending_machiness2/vending_machiness2/vending_machiness2.srcs/sources_1/new/payment_moduless2.v:23]
INFO: [Synth 8-6155] done synthesizing module 'payment_moduless2' (5#1) [C:/Users/admin/Desktop/VHDL/vending_machiness2/vending_machiness2/vending_machiness2.srcs/sources_1/new/payment_moduless2.v:23]
INFO: [Synth 8-6155] done synthesizing module 'vending_machiness2' (6#1) [C:/Users/admin/Desktop/VHDL/vending_machiness2/vending_machiness2/vending_machiness2.srcs/sources_1/new/vending_machiness2.v:23]
---------------------------------------------------------------------------------
Finished Synthesize : Time (s): cpu = 00:00:05 ; elapsed = 00:00:07 . Memory (MB): peak = 3743.195 ; gain = 110.094
---------------------------------------------------------------------------------
Copyright 1986-2022 Xilinx, Inc. All Rights Reserved. Copyright 2022-2024 Advanced Micro Devices, Inc. All Rights Reserved.
---------------------------------------------------------------------------------------------------------------------------------------------
| Tool Version : Vivado v.2024.1 (win64) Build 5076996 Wed May 22 18:37:14 MDT 2024
| Date         : Thu Oct 24 23:17:36 2024
| Host         : DESKTOP-5PL43IQ running 64-bit major release  (build 9200)
---------------------------------------------------------------------------------------------------------------------------------------------

RTL Linter Report

Table of Contents
-----------------
1. Summary

1. Summary
----------

+-----------+----------+--------------+----------+
| Rule ID   | Severity | # Violations | # Waived |
+-----------+----------+--------------+----------+
| ASSIGN-6  | WARNING  | 3            | 0        |
| ASSIGN-7  | WARNING  | 2            | 0        |
| ASSIGN-10 | WARNING  | 1            | 0        |
+-----------+----------+--------------+----------+


WARNING: [Synth 37-125] [ASSIGN-10]Some bits in IO 'selected_id' are not read. First unread bit index is 0. 
RTL Name 'selected_id', Hierarchy 'check_moduless2', File 'check_moduless2.v', Line 24.
WARNING: [Synth 37-93] [ASSIGN-6]Signal 'id_for_update' was assigned but not read. 
RTL Name 'id_for_update', Hierarchy 'vending_machiness2', File 'C:/Users/admin/Desktop/VHDL/vending_machiness2/vending_machiness2/vending_machiness2.srcs/sources_1/new/vending_machiness2.v', Line 41.
WARNING: [Synth 37-93] [ASSIGN-6]Signal 'new_price' was assigned but not read. 
RTL Name 'new_price', Hierarchy 'vending_machiness2', File 'C:/Users/admin/Desktop/VHDL/vending_machiness2/vending_machiness2/vending_machiness2.srcs/sources_1/new/vending_machiness2.v', Line 43.
WARNING: [Synth 37-93] [ASSIGN-6]Signal 'new_quantity' was assigned but not read. 
RTL Name 'new_quantity', Hierarchy 'vending_machiness2', File 'C:/Users/admin/Desktop/VHDL/vending_machiness2/vending_machiness2/vending_machiness2.srcs/sources_1/new/vending_machiness2.v', Line 42.
WARNING: [Synth 37-90] [ASSIGN-7]Multiple assignments detected on array current_product, first multi-driven bit index is 0.
RTL Name 'current_product', Hierarchy 'vending_machiness2', File 'C:/Users/admin/Desktop/VHDL/vending_machiness2/vending_machiness2/vending_machiness2.srcs/sources_1/new/vending_machiness2.v', Line 55.
WARNING: [Synth 37-90] [ASSIGN-7]Multiple assignments detected on array state, first multi-driven bit index is 0.
RTL Name 'state', Hierarchy 'vending_machiness2', File 'C:/Users/admin/Desktop/VHDL/vending_machiness2/vending_machiness2/vending_machiness2.srcs/sources_1/new/vending_machiness2.v', Line 54.
INFO: [Synth 37-85] Total of 6 linter message(s) generated.
INFO: [Synth 37-45] Linter Run Finished!
Synthesis Optimization Runtime : Time (s): cpu = 00:00:05 ; elapsed = 00:00:07 . Memory (MB): peak = 3767.059 ; gain = 133.957
INFO: [Common 17-83] Releasing license: Synthesis
17 Infos, 6 Warnings, 0 Critical Warnings and 0 Errors encountered.
synth_design completed successfully
synth_design: Time (s): cpu = 00:00:05 ; elapsed = 00:00:07 . Memory (MB): peak = 3767.059 ; gain = 133.957
WARNING: [filemgmt 56-199] Attempt to get parsing info during refresh. "On-the-fly" syntax checking information may be incorrect. [C:\Users\admin\Desktop\VHDL\vending_machiness2\vending_machiness2\vending_machiness2.srcs\sources_1\new\insert_money_module_ss2.v:]
WARNING: [filemgmt 56-199] Attempt to get parsing info during refresh. "On-the-fly" syntax checking information may be incorrect. [C:\Users\admin\Desktop\VHDL\vending_machiness2\vending_machiness2\vending_machiness2.srcs\sources_1\new\payment_moduless2.v:]
WARNING: [filemgmt 56-199] Attempt to get parsing info during refresh. "On-the-fly" syntax checking information may be incorrect. [C:\Users\admin\Desktop\VHDL\vending_machiness2\vending_machiness2\vending_machiness2.srcs\sources_1\new\calculate_moduless2.v:]
WARNING: [filemgmt 56-199] Attempt to get parsing info during refresh. "On-the-fly" syntax checking information may be incorrect. [C:\Users\admin\Desktop\VHDL\vending_machiness2\vending_machiness2\vending_machiness2.srcs\sources_1\new\check_moduless2.v:]
WARNING: [filemgmt 56-199] Attempt to get parsing info during refresh. "On-the-fly" syntax checking information may be incorrect. [C:\Users\admin\Desktop\VHDL\vending_machiness2\vending_machiness2\vending_machiness2.srcs\sources_1\new\vending_machiness2.v:]
WARNING: [filemgmt 56-199] Attempt to get parsing info during refresh. "On-the-fly" syntax checking information may be incorrect. [C:\Users\admin\Desktop\VHDL\vending_machiness2\vending_machiness2\vending_machiness2.srcs\sources_1\new\input_moduless2.v:]
WARNING: [filemgmt 56-199] Attempt to get parsing info during refresh. "On-the-fly" syntax checking information may be incorrect. [C:\Users\admin\Desktop\VHDL\vending_machiness2\vending_machiness2\vending_machiness2.srcs\sources_1\new\tb_vending_machiness2.v:]
WARNING: [filemgmt 56-199] Attempt to get parsing info during refresh. "On-the-fly" syntax checking information may be incorrect. [C:\Users\admin\Desktop\VHDL\vending_machiness2\vending_machiness2\vending_machiness2.srcs\sources_1\new\tb_vending_machiness2.v:]
WARNING: [filemgmt 56-199] Attempt to get parsing info during refresh. "On-the-fly" syntax checking information may be incorrect. [C:\Users\admin\Desktop\VHDL\vending_machiness2\vending_machiness2\vending_machiness2.srcs\sources_1\new\tb_vending_machiness2.v:]
WARNING: [filemgmt 56-199] Attempt to get parsing info during refresh. "On-the-fly" syntax checking information may be incorrect. [C:\Users\admin\Desktop\VHDL\vending_machiness2\vending_machiness2\vending_machiness2.srcs\sources_1\new\insert_money_module_ss2.v:]
WARNING: [filemgmt 56-199] Attempt to get parsing info during refresh. "On-the-fly" syntax checking information may be incorrect. [C:\Users\admin\Desktop\VHDL\vending_machiness2\vending_machiness2\vending_machiness2.srcs\sources_1\new\payment_moduless2.v:]
WARNING: [filemgmt 56-199] Attempt to get parsing info during refresh. "On-the-fly" syntax checking information may be incorrect. [C:\Users\admin\Desktop\VHDL\vending_machiness2\vending_machiness2\vending_machiness2.srcs\sources_1\new\calculate_moduless2.v:]
WARNING: [filemgmt 56-199] Attempt to get parsing info during refresh. "On-the-fly" syntax checking information may be incorrect. [C:\Users\admin\Desktop\VHDL\vending_machiness2\vending_machiness2\vending_machiness2.srcs\sources_1\new\check_moduless2.v:]
WARNING: [filemgmt 56-199] Attempt to get parsing info during refresh. "On-the-fly" syntax checking information may be incorrect. [C:\Users\admin\Desktop\VHDL\vending_machiness2\vending_machiness2\vending_machiness2.srcs\sources_1\new\vending_machiness2.v:]
WARNING: [filemgmt 56-199] Attempt to get parsing info during refresh. "On-the-fly" syntax checking information may be incorrect. [C:\Users\admin\Desktop\VHDL\vending_machiness2\vending_machiness2\vending_machiness2.srcs\sources_1\new\input_moduless2.v:]
WARNING: [filemgmt 56-199] Attempt to get parsing info during refresh. "On-the-fly" syntax checking information may be incorrect. [C:\Users\admin\Desktop\VHDL\vending_machiness2\vending_machiness2\vending_machiness2.srcs\sources_1\new\tb_vending_machiness2.v:]
WARNING: [filemgmt 56-199] Attempt to get parsing info during refresh. "On-the-fly" syntax checking information may be incorrect. [C:\Users\admin\Desktop\VHDL\vending_machiness2\vending_machiness2\vending_machiness2.srcs\sources_1\new\insert_money_module_ss2.v:]
WARNING: [filemgmt 56-199] Attempt to get parsing info during refresh. "On-the-fly" syntax checking information may be incorrect. [C:\Users\admin\Desktop\VHDL\vending_machiness2\vending_machiness2\vending_machiness2.srcs\sources_1\new\insert_money_module_ss2.v:]
WARNING: [filemgmt 56-199] Attempt to get parsing info during refresh. "On-the-fly" syntax checking information may be incorrect. [C:\Users\admin\Desktop\VHDL\vending_machiness2\vending_machiness2\vending_machiness2.srcs\sources_1\new\insert_money_module_ss2.v:]
WARNING: [filemgmt 56-199] Attempt to get parsing info during refresh. "On-the-fly" syntax checking information may be incorrect. [C:\Users\admin\Desktop\VHDL\vending_machiness2\vending_machiness2\vending_machiness2.srcs\sources_1\new\payment_moduless2.v:]
WARNING: [filemgmt 56-199] Attempt to get parsing info during refresh. "On-the-fly" syntax checking information may be incorrect. [C:\Users\admin\Desktop\VHDL\vending_machiness2\vending_machiness2\vending_machiness2.srcs\sources_1\new\calculate_moduless2.v:]
WARNING: [filemgmt 56-199] Attempt to get parsing info during refresh. "On-the-fly" syntax checking information may be incorrect. [C:\Users\admin\Desktop\VHDL\vending_machiness2\vending_machiness2\vending_machiness2.srcs\sources_1\new\check_moduless2.v:]
WARNING: [filemgmt 56-199] Attempt to get parsing info during refresh. "On-the-fly" syntax checking information may be incorrect. [C:\Users\admin\Desktop\VHDL\vending_machiness2\vending_machiness2\vending_machiness2.srcs\sources_1\new\vending_machiness2.v:]
WARNING: [filemgmt 56-199] Attempt to get parsing info during refresh. "On-the-fly" syntax checking information may be incorrect. [C:\Users\admin\Desktop\VHDL\vending_machiness2\vending_machiness2\vending_machiness2.srcs\sources_1\new\input_moduless2.v:]
WARNING: [filemgmt 56-199] Attempt to get parsing info during refresh. "On-the-fly" syntax checking information may be incorrect. [C:\Users\admin\Desktop\VHDL\vending_machiness2\vending_machiness2\vending_machiness2.srcs\sources_1\new\tb_vending_machiness2.v:]
WARNING: [filemgmt 56-199] Attempt to get parsing info during refresh. "On-the-fly" syntax checking information may be incorrect. [C:\Users\admin\Desktop\VHDL\vending_machiness2\vending_machiness2\vending_machiness2.srcs\sources_1\new\vending_machiness2.v:]
WARNING: [filemgmt 56-199] Attempt to get parsing info during refresh. "On-the-fly" syntax checking information may be incorrect. [C:\Users\admin\Desktop\VHDL\vending_machiness2\vending_machiness2\vending_machiness2.srcs\sources_1\new\vending_machiness2.v:]
WARNING: [filemgmt 56-199] Attempt to get parsing info during refresh. "On-the-fly" syntax checking information may be incorrect. [C:\Users\admin\Desktop\VHDL\vending_machiness2\vending_machiness2\vending_machiness2.srcs\sources_1\new\insert_money_module_ss2.v:]
WARNING: [filemgmt 56-199] Attempt to get parsing info during refresh. "On-the-fly" syntax checking information may be incorrect. [C:\Users\admin\Desktop\VHDL\vending_machiness2\vending_machiness2\vending_machiness2.srcs\sources_1\new\payment_moduless2.v:]
WARNING: [filemgmt 56-199] Attempt to get parsing info during refresh. "On-the-fly" syntax checking information may be incorrect. [C:\Users\admin\Desktop\VHDL\vending_machiness2\vending_machiness2\vending_machiness2.srcs\sources_1\new\calculate_moduless2.v:]
WARNING: [filemgmt 56-199] Attempt to get parsing info during refresh. "On-the-fly" syntax checking information may be incorrect. [C:\Users\admin\Desktop\VHDL\vending_machiness2\vending_machiness2\vending_machiness2.srcs\sources_1\new\check_moduless2.v:]
WARNING: [filemgmt 56-199] Attempt to get parsing info during refresh. "On-the-fly" syntax checking information may be incorrect. [C:\Users\admin\Desktop\VHDL\vending_machiness2\vending_machiness2\vending_machiness2.srcs\sources_1\new\vending_machiness2.v:]
WARNING: [filemgmt 56-199] Attempt to get parsing info during refresh. "On-the-fly" syntax checking information may be incorrect. [C:\Users\admin\Desktop\VHDL\vending_machiness2\vending_machiness2\vending_machiness2.srcs\sources_1\new\input_moduless2.v:]
WARNING: [filemgmt 56-199] Attempt to get parsing info during refresh. "On-the-fly" syntax checking information may be incorrect. [C:\Users\admin\Desktop\VHDL\vending_machiness2\vending_machiness2\vending_machiness2.srcs\sources_1\new\tb_vending_machiness2.v:]
WARNING: [filemgmt 56-199] Attempt to get parsing info during refresh. "On-the-fly" syntax checking information may be incorrect. [C:\Users\admin\Desktop\VHDL\vending_machiness2\vending_machiness2\vending_machiness2.srcs\sources_1\new\calculate_moduless2.v:]
WARNING: [filemgmt 56-199] Attempt to get parsing info during refresh. "On-the-fly" syntax checking information may be incorrect. [C:\Users\admin\Desktop\VHDL\vending_machiness2\vending_machiness2\vending_machiness2.srcs\sources_1\new\calculate_moduless2.v:]
WARNING: [filemgmt 56-199] Attempt to get parsing info during refresh. "On-the-fly" syntax checking information may be incorrect. [C:\Users\admin\Desktop\VHDL\vending_machiness2\vending_machiness2\vending_machiness2.srcs\sources_1\new\insert_money_module_ss2.v:]
WARNING: [filemgmt 56-199] Attempt to get parsing info during refresh. "On-the-fly" syntax checking information may be incorrect. [C:\Users\admin\Desktop\VHDL\vending_machiness2\vending_machiness2\vending_machiness2.srcs\sources_1\new\payment_moduless2.v:]
WARNING: [filemgmt 56-199] Attempt to get parsing info during refresh. "On-the-fly" syntax checking information may be incorrect. [C:\Users\admin\Desktop\VHDL\vending_machiness2\vending_machiness2\vending_machiness2.srcs\sources_1\new\calculate_moduless2.v:]
WARNING: [filemgmt 56-199] Attempt to get parsing info during refresh. "On-the-fly" syntax checking information may be incorrect. [C:\Users\admin\Desktop\VHDL\vending_machiness2\vending_machiness2\vending_machiness2.srcs\sources_1\new\check_moduless2.v:]
WARNING: [filemgmt 56-199] Attempt to get parsing info during refresh. "On-the-fly" syntax checking information may be incorrect. [C:\Users\admin\Desktop\VHDL\vending_machiness2\vending_machiness2\vending_machiness2.srcs\sources_1\new\vending_machiness2.v:]
WARNING: [filemgmt 56-199] Attempt to get parsing info during refresh. "On-the-fly" syntax checking information may be incorrect. [C:\Users\admin\Desktop\VHDL\vending_machiness2\vending_machiness2\vending_machiness2.srcs\sources_1\new\input_moduless2.v:]
WARNING: [filemgmt 56-199] Attempt to get parsing info during refresh. "On-the-fly" syntax checking information may be incorrect. [C:\Users\admin\Desktop\VHDL\vending_machiness2\vending_machiness2\vending_machiness2.srcs\sources_1\new\tb_vending_machiness2.v:]
WARNING: [filemgmt 56-199] Attempt to get parsing info during refresh. "On-the-fly" syntax checking information may be incorrect. [C:\Users\admin\Desktop\VHDL\vending_machiness2\vending_machiness2\vending_machiness2.srcs\sources_1\new\check_moduless2.v:]
WARNING: [filemgmt 56-199] Attempt to get parsing info during refresh. "On-the-fly" syntax checking information may be incorrect. [C:\Users\admin\Desktop\VHDL\vending_machiness2\vending_machiness2\vending_machiness2.srcs\sources_1\new\check_moduless2.v:]
WARNING: [filemgmt 56-199] Attempt to get parsing info during refresh. "On-the-fly" syntax checking information may be incorrect. [C:\Users\admin\Desktop\VHDL\vending_machiness2\vending_machiness2\vending_machiness2.srcs\sources_1\new\insert_money_module_ss2.v:]
WARNING: [filemgmt 56-199] Attempt to get parsing info during refresh. "On-the-fly" syntax checking information may be incorrect. [C:\Users\admin\Desktop\VHDL\vending_machiness2\vending_machiness2\vending_machiness2.srcs\sources_1\new\payment_moduless2.v:]
WARNING: [filemgmt 56-199] Attempt to get parsing info during refresh. "On-the-fly" syntax checking information may be incorrect. [C:\Users\admin\Desktop\VHDL\vending_machiness2\vending_machiness2\vending_machiness2.srcs\sources_1\new\calculate_moduless2.v:]
WARNING: [filemgmt 56-199] Attempt to get parsing info during refresh. "On-the-fly" syntax checking information may be incorrect. [C:\Users\admin\Desktop\VHDL\vending_machiness2\vending_machiness2\vending_machiness2.srcs\sources_1\new\check_moduless2.v:]
WARNING: [filemgmt 56-199] Attempt to get parsing info during refresh. "On-the-fly" syntax checking information may be incorrect. [C:\Users\admin\Desktop\VHDL\vending_machiness2\vending_machiness2\vending_machiness2.srcs\sources_1\new\vending_machiness2.v:]
WARNING: [filemgmt 56-199] Attempt to get parsing info during refresh. "On-the-fly" syntax checking information may be incorrect. [C:\Users\admin\Desktop\VHDL\vending_machiness2\vending_machiness2\vending_machiness2.srcs\sources_1\new\input_moduless2.v:]
WARNING: [filemgmt 56-199] Attempt to get parsing info during refresh. "On-the-fly" syntax checking information may be incorrect. [C:\Users\admin\Desktop\VHDL\vending_machiness2\vending_machiness2\vending_machiness2.srcs\sources_1\new\tb_vending_machiness2.v:]
WARNING: [filemgmt 56-199] Attempt to get parsing info during refresh. "On-the-fly" syntax checking information may be incorrect. [C:\Users\admin\Desktop\VHDL\vending_machiness2\vending_machiness2\vending_machiness2.srcs\sources_1\new\input_moduless2.v:]
WARNING: [filemgmt 56-199] Attempt to get parsing info during refresh. "On-the-fly" syntax checking information may be incorrect. [C:\Users\admin\Desktop\VHDL\vending_machiness2\vending_machiness2\vending_machiness2.srcs\sources_1\new\input_moduless2.v:]
ERROR: [Common 17-180] Spawn failed: No error
synth_design -top vending_machiness2 -part xc7z020clg400-1 -lint 
Command: synth_design -top vending_machiness2 -part xc7z020clg400-1 -lint
Starting synth_design
Attempting to get a license for feature 'Synthesis' and/or device 'xc7z020'
INFO: [Common 17-349] Got license for feature 'Synthesis' and/or device 'xc7z020'
INFO: [Synth 8-7079] Multithreading enabled for synth_design using a maximum of 2 processes.
---------------------------------------------------------------------------------
Starting Synthesize : Time (s): cpu = 00:00:04 ; elapsed = 00:00:06 . Memory (MB): peak = 3768.070 ; gain = 1.012
---------------------------------------------------------------------------------
Clean up Linter database...
INFO: [Synth 8-6157] synthesizing module 'vending_machiness2' [C:/Users/admin/Desktop/VHDL/vending_machiness2/vending_machiness2/vending_machiness2.srcs/sources_1/new/vending_machiness2.v:23]
INFO: [Synth 8-6157] synthesizing module 'input_moduless2' [C:/Users/admin/Desktop/VHDL/vending_machiness2/vending_machiness2/vending_machiness2.srcs/sources_1/new/input_moduless2.v:23]
INFO: [Synth 8-6155] done synthesizing module 'input_moduless2' (1#1) [C:/Users/admin/Desktop/VHDL/vending_machiness2/vending_machiness2/vending_machiness2.srcs/sources_1/new/input_moduless2.v:23]
INFO: [Synth 8-6157] synthesizing module 'check_moduless2' [C:/Users/admin/Desktop/VHDL/vending_machiness2/vending_machiness2/vending_machiness2.srcs/sources_1/new/check_moduless2.v:23]
INFO: [Synth 8-6155] done synthesizing module 'check_moduless2' (2#1) [C:/Users/admin/Desktop/VHDL/vending_machiness2/vending_machiness2/vending_machiness2.srcs/sources_1/new/check_moduless2.v:23]
INFO: [Synth 8-6157] synthesizing module 'calculate_moduless2' [C:/Users/admin/Desktop/VHDL/vending_machiness2/vending_machiness2/vending_machiness2.srcs/sources_1/new/calculate_moduless2.v:23]
INFO: [Synth 8-6155] done synthesizing module 'calculate_moduless2' (3#1) [C:/Users/admin/Desktop/VHDL/vending_machiness2/vending_machiness2/vending_machiness2.srcs/sources_1/new/calculate_moduless2.v:23]
INFO: [Synth 8-6157] synthesizing module 'insert_money_moduless2' [C:/Users/admin/Desktop/VHDL/vending_machiness2/vending_machiness2/vending_machiness2.srcs/sources_1/new/insert_money_module_ss2.v:23]
INFO: [Synth 8-6155] done synthesizing module 'insert_money_moduless2' (4#1) [C:/Users/admin/Desktop/VHDL/vending_machiness2/vending_machiness2/vending_machiness2.srcs/sources_1/new/insert_money_module_ss2.v:23]
INFO: [Synth 8-6157] synthesizing module 'payment_moduless2' [C:/Users/admin/Desktop/VHDL/vending_machiness2/vending_machiness2/vending_machiness2.srcs/sources_1/new/payment_moduless2.v:23]
INFO: [Synth 8-6155] done synthesizing module 'payment_moduless2' (5#1) [C:/Users/admin/Desktop/VHDL/vending_machiness2/vending_machiness2/vending_machiness2.srcs/sources_1/new/payment_moduless2.v:23]
INFO: [Synth 8-6155] done synthesizing module 'vending_machiness2' (6#1) [C:/Users/admin/Desktop/VHDL/vending_machiness2/vending_machiness2/vending_machiness2.srcs/sources_1/new/vending_machiness2.v:23]
---------------------------------------------------------------------------------
Finished Synthesize : Time (s): cpu = 00:00:06 ; elapsed = 00:00:07 . Memory (MB): peak = 3768.070 ; gain = 1.012
---------------------------------------------------------------------------------
Copyright 1986-2022 Xilinx, Inc. All Rights Reserved. Copyright 2022-2024 Advanced Micro Devices, Inc. All Rights Reserved.
---------------------------------------------------------------------------------------------------------------------------------------------
| Tool Version : Vivado v.2024.1 (win64) Build 5076996 Wed May 22 18:37:14 MDT 2024
| Date         : Thu Oct 24 23:18:22 2024
| Host         : DESKTOP-5PL43IQ running 64-bit major release  (build 9200)
---------------------------------------------------------------------------------------------------------------------------------------------

RTL Linter Report

Table of Contents
-----------------
1. Summary

1. Summary
----------

+-----------+----------+--------------+----------+
| Rule ID   | Severity | # Violations | # Waived |
+-----------+----------+--------------+----------+
| ASSIGN-5  | WARNING  | 1            | 0        |
| ASSIGN-7  | WARNING  | 2            | 0        |
| ASSIGN-10 | WARNING  | 1            | 0        |
+-----------+----------+--------------+----------+


WARNING: [Synth 37-125] [ASSIGN-10]Some bits in IO 'selected_id' are not read. First unread bit index is 0. 
RTL Name 'selected_id', Hierarchy 'check_moduless2', File 'check_moduless2.v', Line 24.
WARNING: [Synth 37-124] [ASSIGN-5]Some bits in 'temp_state' are not set. First unset bit index is 0. 
RTL Name 'temp_state', Hierarchy 'vending_machiness2', File 'vending_machiness2.v', Line 58.
WARNING: [Synth 37-90] [ASSIGN-7]Multiple assignments detected on array current_product, first multi-driven bit index is 0.
RTL Name 'current_product', Hierarchy 'vending_machiness2', File 'C:/Users/admin/Desktop/VHDL/vending_machiness2/vending_machiness2/vending_machiness2.srcs/sources_1/new/vending_machiness2.v', Line 56.
WARNING: [Synth 37-90] [ASSIGN-7]Multiple assignments detected on array state, first multi-driven bit index is 0.
RTL Name 'state', Hierarchy 'vending_machiness2', File 'C:/Users/admin/Desktop/VHDL/vending_machiness2/vending_machiness2/vending_machiness2.srcs/sources_1/new/vending_machiness2.v', Line 55.
INFO: [Synth 37-85] Total of 4 linter message(s) generated.
INFO: [Synth 37-45] Linter Run Finished!
Synthesis Optimization Runtime : Time (s): cpu = 00:00:06 ; elapsed = 00:00:07 . Memory (MB): peak = 3778.293 ; gain = 11.234
INFO: [Common 17-83] Releasing license: Synthesis
17 Infos, 4 Warnings, 0 Critical Warnings and 0 Errors encountered.
synth_design completed successfully
synth_design: Time (s): cpu = 00:00:06 ; elapsed = 00:00:07 . Memory (MB): peak = 3778.293 ; gain = 11.234
exit
INFO: [Common 17-206] Exiting Vivado at Thu Oct 24 23:18:34 2024...
